Analysis & Synthesis report for contador_p2
Thu Aug 21 12:11:10 2025
Quartus Prime Version 20.1.0 Build 711 06/05/2020 SJ Lite Edition


---------------------
; Table of Contents ;
---------------------
  1. Legal Notice
  2. Analysis & Synthesis Summary
  3. Analysis & Synthesis Settings
  4. Parallel Compilation
  5. Analysis & Synthesis Source Files Read
  6. Analysis & Synthesis Resource Usage Summary
  7. Analysis & Synthesis Resource Utilization by Entity
  8. General Register Statistics
  9. Parameter Settings for User Entity Instance: counter_n:u_cnt
 10. Parameter Settings for User Entity Instance: hex7seg:u_hex0
 11. Parameter Settings for User Entity Instance: hex7seg:u_hex1
 12. Port Connectivity Checks: "hex7seg:u_hex1"
 13. Port Connectivity Checks: "counter_n:u_cnt"
 14. Post-Synthesis Netlist Statistics for Top Partition
 15. Elapsed Time Per Partition
 16. Analysis & Synthesis Messages



----------------
; Legal Notice ;
----------------
Copyright (C) 2020  Intel Corporation. All rights reserved.
Your use of Intel Corporation's design tools, logic functions 
and other software and tools, and any partner logic 
functions, and any output files from any of the foregoing 
(including device programming or simulation files), and any 
associated documentation or information are expressly subject 
to the terms and conditions of the Intel Program License 
Subscription Agreement, the Intel Quartus Prime License Agreement,
the Intel FPGA IP License Agreement, or other applicable license
agreement, including, without limitation, that your use is for
the sole purpose of programming logic devices manufactured by
Intel and sold by Intel or its authorized distributors.  Please
refer to the applicable agreement for further details, at
https://fpgasoftware.intel.com/eula.



+-------------------------------------------------------------------------------+
; Analysis & Synthesis Summary                                                  ;
+---------------------------------+---------------------------------------------+
; Analysis & Synthesis Status     ; Successful - Thu Aug 21 12:11:10 2025       ;
; Quartus Prime Version           ; 20.1.0 Build 711 06/05/2020 SJ Lite Edition ;
; Revision Name                   ; contador_p2                                 ;
; Top-level Entity Name           ; top_counter_6bit                            ;
; Family                          ; Cyclone V                                   ;
; Logic utilization (in ALMs)     ; N/A                                         ;
; Total registers                 ; 12                                          ;
; Total pins                      ; 24                                          ;
; Total virtual pins              ; 0                                           ;
; Total block memory bits         ; 0                                           ;
; Total DSP Blocks                ; 0                                           ;
; Total HSSI RX PCSs              ; 0                                           ;
; Total HSSI PMA RX Deserializers ; 0                                           ;
; Total HSSI TX PCSs              ; 0                                           ;
; Total HSSI PMA TX Serializers   ; 0                                           ;
; Total PLLs                      ; 0                                           ;
; Total DLLs                      ; 0                                           ;
+---------------------------------+---------------------------------------------+


+---------------------------------------------------------------------------------------------------------------------------+
; Analysis & Synthesis Settings                                                                                             ;
+---------------------------------------------------------------------------------+--------------------+--------------------+
; Option                                                                          ; Setting            ; Default Value      ;
+---------------------------------------------------------------------------------+--------------------+--------------------+
; Device                                                                          ; 5CSXFC6D6F31C6     ;                    ;
; Top-level entity name                                                           ; top_counter_6bit   ; contador_p2        ;
; Family name                                                                     ; Cyclone V          ; Cyclone V          ;
; Use smart compilation                                                           ; Off                ; Off                ;
; Enable parallel Assembler and Timing Analyzer during compilation                ; On                 ; On                 ;
; Enable compact report table                                                     ; Off                ; Off                ;
; Restructure Multiplexers                                                        ; Auto               ; Auto               ;
; MLAB Add Timing Constraints For Mixed-Port Feed-Through Mode Setting Don't Care ; Off                ; Off                ;
; Create Debugging Nodes for IP Cores                                             ; Off                ; Off                ;
; Preserve fewer node names                                                       ; On                 ; On                 ;
; Intel FPGA IP Evaluation Mode                                                   ; Enable             ; Enable             ;
; Verilog Version                                                                 ; Verilog_2001       ; Verilog_2001       ;
; VHDL Version                                                                    ; VHDL_1993          ; VHDL_1993          ;
; State Machine Processing                                                        ; Auto               ; Auto               ;
; Safe State Machine                                                              ; Off                ; Off                ;
; Extract Verilog State Machines                                                  ; On                 ; On                 ;
; Extract VHDL State Machines                                                     ; On                 ; On                 ;
; Ignore Verilog initial constructs                                               ; Off                ; Off                ;
; Iteration limit for constant Verilog loops                                      ; 5000               ; 5000               ;
; Iteration limit for non-constant Verilog loops                                  ; 250                ; 250                ;
; Add Pass-Through Logic to Inferred RAMs                                         ; On                 ; On                 ;
; Infer RAMs from Raw Logic                                                       ; On                 ; On                 ;
; Parallel Synthesis                                                              ; On                 ; On                 ;
; DSP Block Balancing                                                             ; Auto               ; Auto               ;
; NOT Gate Push-Back                                                              ; On                 ; On                 ;
; Power-Up Don't Care                                                             ; On                 ; On                 ;
; Remove Redundant Logic Cells                                                    ; Off                ; Off                ;
; Remove Duplicate Registers                                                      ; On                 ; On                 ;
; Ignore CARRY Buffers                                                            ; Off                ; Off                ;
; Ignore CASCADE Buffers                                                          ; Off                ; Off                ;
; Ignore GLOBAL Buffers                                                           ; Off                ; Off                ;
; Ignore ROW GLOBAL Buffers                                                       ; Off                ; Off                ;
; Ignore LCELL Buffers                                                            ; Off                ; Off                ;
; Ignore SOFT Buffers                                                             ; On                 ; On                 ;
; Limit AHDL Integers to 32 Bits                                                  ; Off                ; Off                ;
; Optimization Technique                                                          ; Balanced           ; Balanced           ;
; Carry Chain Length                                                              ; 70                 ; 70                 ;
; Auto Carry Chains                                                               ; On                 ; On                 ;
; Auto Open-Drain Pins                                                            ; On                 ; On                 ;
; Perform WYSIWYG Primitive Resynthesis                                           ; Off                ; Off                ;
; Auto ROM Replacement                                                            ; On                 ; On                 ;
; Auto RAM Replacement                                                            ; On                 ; On                 ;
; Auto DSP Block Replacement                                                      ; On                 ; On                 ;
; Auto Shift Register Replacement                                                 ; Auto               ; Auto               ;
; Allow Shift Register Merging across Hierarchies                                 ; Auto               ; Auto               ;
; Auto Clock Enable Replacement                                                   ; On                 ; On                 ;
; Strict RAM Replacement                                                          ; Off                ; Off                ;
; Allow Synchronous Control Signals                                               ; On                 ; On                 ;
; Force Use of Synchronous Clear Signals                                          ; Off                ; Off                ;
; Auto Resource Sharing                                                           ; Off                ; Off                ;
; Allow Any RAM Size For Recognition                                              ; Off                ; Off                ;
; Allow Any ROM Size For Recognition                                              ; Off                ; Off                ;
; Allow Any Shift Register Size For Recognition                                   ; Off                ; Off                ;
; Use LogicLock Constraints during Resource Balancing                             ; On                 ; On                 ;
; Ignore translate_off and synthesis_off directives                               ; Off                ; Off                ;
; Timing-Driven Synthesis                                                         ; On                 ; On                 ;
; Report Parameter Settings                                                       ; On                 ; On                 ;
; Report Source Assignments                                                       ; On                 ; On                 ;
; Report Connectivity Checks                                                      ; On                 ; On                 ;
; Ignore Maximum Fan-Out Assignments                                              ; Off                ; Off                ;
; Synchronization Register Chain Length                                           ; 3                  ; 3                  ;
; Power Optimization During Synthesis                                             ; Normal compilation ; Normal compilation ;
; HDL message level                                                               ; Level2             ; Level2             ;
; Suppress Register Optimization Related Messages                                 ; Off                ; Off                ;
; Number of Removed Registers Reported in Synthesis Report                        ; 5000               ; 5000               ;
; Number of Swept Nodes Reported in Synthesis Report                              ; 5000               ; 5000               ;
; Number of Inverted Registers Reported in Synthesis Report                       ; 100                ; 100                ;
; Clock MUX Protection                                                            ; On                 ; On                 ;
; Auto Gated Clock Conversion                                                     ; Off                ; Off                ;
; Block Design Naming                                                             ; Auto               ; Auto               ;
; SDC constraint protection                                                       ; Off                ; Off                ;
; Synthesis Effort                                                                ; Auto               ; Auto               ;
; Shift Register Replacement - Allow Asynchronous Clear Signal                    ; On                 ; On                 ;
; Pre-Mapping Resynthesis Optimization                                            ; Off                ; Off                ;
; Analysis & Synthesis Message Level                                              ; Medium             ; Medium             ;
; Disable Register Merging Across Hierarchies                                     ; Auto               ; Auto               ;
; Resource Aware Inference For Block RAM                                          ; On                 ; On                 ;
; Automatic Parallel Synthesis                                                    ; On                 ; On                 ;
; Partial Reconfiguration Bitstream ID                                            ; Off                ; Off                ;
+---------------------------------------------------------------------------------+--------------------+--------------------+


+------------------------------------------+
; Parallel Compilation                     ;
+----------------------------+-------------+
; Processors                 ; Number      ;
+----------------------------+-------------+
; Number detected on machine ; 16          ;
; Maximum allowed            ; 16          ;
;                            ;             ;
; Average used               ; 1.00        ;
; Maximum used               ; 16          ;
;                            ;             ;
; Usage by Processor         ; % Time Used ;
;     Processor 1            ; 100.0%      ;
;     Processors 2-16        ;   0.0%      ;
+----------------------------+-------------+


+------------------------------------------------------------------------------------------------------------------------------------------------------------------------------------------------------------------------------------+
; Analysis & Synthesis Source Files Read                                                                                                                                                                                             ;
+----------------------------------+-----------------+------------------------------+--------------------------------------------------------------------------------------------------------------------------------------+---------+
; File Name with User-Entered Path ; Used in Netlist ; File Type                    ; File Name with Absolute Path                                                                                                         ; Library ;
+----------------------------------+-----------------+------------------------------+--------------------------------------------------------------------------------------------------------------------------------------+---------+
; counter_n.sv                     ; yes             ; User SystemVerilog HDL File  ; C:/Users/Usuario/Desktop/TEC II 2025/Taller_DD/laboratorio1/ffuchs_echavarria_digital_design_lab_2025/Problema 3/counter_n.sv        ;         ;
; edge_pulse.sv                    ; yes             ; User SystemVerilog HDL File  ; C:/Users/Usuario/Desktop/TEC II 2025/Taller_DD/laboratorio1/ffuchs_echavarria_digital_design_lab_2025/Problema 3/edge_pulse.sv       ;         ;
; hex7seg.sv                       ; yes             ; User SystemVerilog HDL File  ; C:/Users/Usuario/Desktop/TEC II 2025/Taller_DD/laboratorio1/ffuchs_echavarria_digital_design_lab_2025/Problema 3/hex7seg.sv          ;         ;
; top_counter_6bit.sv              ; yes             ; User SystemVerilog HDL File  ; C:/Users/Usuario/Desktop/TEC II 2025/Taller_DD/laboratorio1/ffuchs_echavarria_digital_design_lab_2025/Problema 3/top_counter_6bit.sv ;         ;
+----------------------------------+-----------------+------------------------------+--------------------------------------------------------------------------------------------------------------------------------------+---------+


+------------------------------------------------------------+
; Analysis & Synthesis Resource Usage Summary                ;
+---------------------------------------------+--------------+
; Resource                                    ; Usage        ;
+---------------------------------------------+--------------+
; Estimate of Logic utilization (ALMs needed) ; 20           ;
;                                             ;              ;
; Combinational ALUT usage for logic          ; 37           ;
;     -- 7 input functions                    ; 0            ;
;     -- 6 input functions                    ; 1            ;
;     -- 5 input functions                    ; 1            ;
;     -- 4 input functions                    ; 22           ;
;     -- <=3 input functions                  ; 13           ;
;                                             ;              ;
; Dedicated logic registers                   ; 12           ;
;                                             ;              ;
; I/O pins                                    ; 24           ;
;                                             ;              ;
; Total DSP Blocks                            ; 0            ;
;                                             ;              ;
; Maximum fan-out node                        ; rst_sw~input ;
; Maximum fan-out                             ; 24           ;
; Total fan-out                               ; 205          ;
; Average fan-out                             ; 2.11         ;
+---------------------------------------------+--------------+


+-------------------------------------------------------------------------------------------------------------------------------------------------------------------------------------------------------------+
; Analysis & Synthesis Resource Utilization by Entity                                                                                                                                                         ;
+----------------------------+---------------------+---------------------------+-------------------+------------+------+--------------+-------------------------------------+------------------+--------------+
; Compilation Hierarchy Node ; Combinational ALUTs ; Dedicated Logic Registers ; Block Memory Bits ; DSP Blocks ; Pins ; Virtual Pins ; Full Hierarchy Name                 ; Entity Name      ; Library Name ;
+----------------------------+---------------------+---------------------------+-------------------+------------+------+--------------+-------------------------------------+------------------+--------------+
; |top_counter_6bit          ; 37 (0)              ; 12 (0)                    ; 0                 ; 0          ; 24   ; 0            ; |top_counter_6bit                   ; top_counter_6bit ; work         ;
;    |counter_n:u_cnt|       ; 25 (25)             ; 6 (6)                     ; 0                 ; 0          ; 0    ; 0            ; |top_counter_6bit|counter_n:u_cnt   ; counter_n        ; work         ;
;    |edge_pulse:u_load|     ; 1 (1)               ; 3 (3)                     ; 0                 ; 0          ; 0    ; 0            ; |top_counter_6bit|edge_pulse:u_load ; edge_pulse       ; work         ;
;    |edge_pulse:u_step|     ; 1 (1)               ; 3 (3)                     ; 0                 ; 0          ; 0    ; 0            ; |top_counter_6bit|edge_pulse:u_step ; edge_pulse       ; work         ;
;    |hex7seg:u_hex0|        ; 7 (7)               ; 0 (0)                     ; 0                 ; 0          ; 0    ; 0            ; |top_counter_6bit|hex7seg:u_hex0    ; hex7seg          ; work         ;
;    |hex7seg:u_hex1|        ; 3 (3)               ; 0 (0)                     ; 0                 ; 0          ; 0    ; 0            ; |top_counter_6bit|hex7seg:u_hex1    ; hex7seg          ; work         ;
+----------------------------+---------------------+---------------------------+-------------------+------------+------+--------------+-------------------------------------+------------------+--------------+
Note: For table entries with two numbers listed, the numbers in parentheses indicate the number of resources of the given type used by the specific entity alone. The numbers listed outside of parentheses indicate the total resources of the given type used by the specific entity and all of its sub-entities in the hierarchy.


+------------------------------------------------------+
; General Register Statistics                          ;
+----------------------------------------------+-------+
; Statistic                                    ; Value ;
+----------------------------------------------+-------+
; Total registers                              ; 12    ;
; Number of registers using Synchronous Clear  ; 0     ;
; Number of registers using Synchronous Load   ; 0     ;
; Number of registers using Asynchronous Clear ; 12    ;
; Number of registers using Asynchronous Load  ; 0     ;
; Number of registers using Clock Enable       ; 0     ;
; Number of registers using Preset             ; 0     ;
+----------------------------------------------+-------+


+--------------------------------------------------------------+
; Parameter Settings for User Entity Instance: counter_n:u_cnt ;
+----------------+-------+-------------------------------------+
; Parameter Name ; Value ; Type                                ;
+----------------+-------+-------------------------------------+
; N              ; 6     ; Signed Integer                      ;
+----------------+-------+-------------------------------------+
Note: In order to hide this table in the UI and the text report file, please set the "Show Parameter Settings in Synthesis Report" option in "Analysis and Synthesis Settings -> More Settings" to "Off".


+-------------------------------------------------------------+
; Parameter Settings for User Entity Instance: hex7seg:u_hex0 ;
+----------------+-------+------------------------------------+
; Parameter Name ; Value ; Type                               ;
+----------------+-------+------------------------------------+
; ACTIVE_LOW     ; 1     ; Signed Integer                     ;
+----------------+-------+------------------------------------+
Note: In order to hide this table in the UI and the text report file, please set the "Show Parameter Settings in Synthesis Report" option in "Analysis and Synthesis Settings -> More Settings" to "Off".


+-------------------------------------------------------------+
; Parameter Settings for User Entity Instance: hex7seg:u_hex1 ;
+----------------+-------+------------------------------------+
; Parameter Name ; Value ; Type                               ;
+----------------+-------+------------------------------------+
; ACTIVE_LOW     ; 1     ; Signed Integer                     ;
+----------------+-------+------------------------------------+
Note: In order to hide this table in the UI and the text report file, please set the "Show Parameter Settings in Synthesis Report" option in "Analysis and Synthesis Settings -> More Settings" to "Off".


+------------------------------------------------+
; Port Connectivity Checks: "hex7seg:u_hex1"     ;
+--------------+-------+----------+--------------+
; Port         ; Type  ; Severity ; Details      ;
+--------------+-------+----------+--------------+
; nibble[3..2] ; Input ; Info     ; Stuck at GND ;
+--------------+-------+----------+--------------+


+---------------------------------------------------------------------------------------------------------------------+
; Port Connectivity Checks: "counter_n:u_cnt"                                                                         ;
+-----------+--------+----------+-------------------------------------------------------------------------------------+
; Port      ; Type   ; Severity ; Details                                                                             ;
+-----------+--------+----------+-------------------------------------------------------------------------------------+
; carry_out ; Output ; Info     ; Connected to dangling logic. Logic that only feeds a dangling port will be removed. ;
+-----------+--------+----------+-------------------------------------------------------------------------------------+


+-----------------------------------------------------+
; Post-Synthesis Netlist Statistics for Top Partition ;
+-----------------------+-----------------------------+
; Type                  ; Count                       ;
+-----------------------+-----------------------------+
; arriav_ff             ; 12                          ;
;     CLR               ; 12                          ;
; arriav_lcell_comb     ; 40                          ;
;     normal            ; 40                          ;
;         0 data inputs ; 1                           ;
;         1 data inputs ; 2                           ;
;         2 data inputs ; 6                           ;
;         3 data inputs ; 7                           ;
;         4 data inputs ; 22                          ;
;         5 data inputs ; 1                           ;
;         6 data inputs ; 1                           ;
; boundary_port         ; 24                          ;
;                       ;                             ;
; Max LUT depth         ; 4.00                        ;
; Average LUT depth     ; 2.65                        ;
+-----------------------+-----------------------------+


+-------------------------------+
; Elapsed Time Per Partition    ;
+----------------+--------------+
; Partition Name ; Elapsed Time ;
+----------------+--------------+
; Top            ; 00:00:00     ;
+----------------+--------------+


+-------------------------------+
; Analysis & Synthesis Messages ;
+-------------------------------+
Info: *******************************************************************
Info: Running Quartus Prime Analysis & Synthesis
    Info: Version 20.1.0 Build 711 06/05/2020 SJ Lite Edition
    Info: Processing started: Thu Aug 21 12:11:01 2025
Info: Command: quartus_map --read_settings_files=on --write_settings_files=off contador_p2 -c contador_p2
Warning (18236): Number of processors has not been specified which may cause overloading on shared machines.  Set the global assignment NUM_PARALLEL_PROCESSORS in your QSF to an appropriate value for best performance.
Info (20030): Parallel compilation is enabled and will use 16 of the 16 processors detected
Info (12021): Found 1 design units, including 1 entities, in source file counter_n.sv
    Info (12023): Found entity 1: counter_n File: C:/Users/Usuario/Desktop/TEC II 2025/Taller_DD/laboratorio1/ffuchs_echavarria_digital_design_lab_2025/Problema 3/counter_n.sv Line: 1
Info (12021): Found 1 design units, including 1 entities, in source file edge_pulse.sv
    Info (12023): Found entity 1: edge_pulse File: C:/Users/Usuario/Desktop/TEC II 2025/Taller_DD/laboratorio1/ffuchs_echavarria_digital_design_lab_2025/Problema 3/edge_pulse.sv Line: 1
Info (12021): Found 1 design units, including 1 entities, in source file hex7seg.sv
    Info (12023): Found entity 1: hex7seg File: C:/Users/Usuario/Desktop/TEC II 2025/Taller_DD/laboratorio1/ffuchs_echavarria_digital_design_lab_2025/Problema 3/hex7seg.sv Line: 1
Info (12021): Found 1 design units, including 1 entities, in source file top_counter_6bit.sv
    Info (12023): Found entity 1: top_counter_6bit File: C:/Users/Usuario/Desktop/TEC II 2025/Taller_DD/laboratorio1/ffuchs_echavarria_digital_design_lab_2025/Problema 3/top_counter_6bit.sv Line: 1
Info (12021): Found 2 design units, including 2 entities, in source file tb_counter.sv
    Info (12023): Found entity 1: tb_counter File: C:/Users/Usuario/Desktop/TEC II 2025/Taller_DD/laboratorio1/ffuchs_echavarria_digital_design_lab_2025/Problema 3/tb_counter.sv Line: 6
    Info (12023): Found entity 2: tb_case File: C:/Users/Usuario/Desktop/TEC II 2025/Taller_DD/laboratorio1/ffuchs_echavarria_digital_design_lab_2025/Problema 3/tb_counter.sv Line: 32
Info (12127): Elaborating entity "top_counter_6bit" for the top level hierarchy
Info (12128): Elaborating entity "edge_pulse" for hierarchy "edge_pulse:u_step" File: C:/Users/Usuario/Desktop/TEC II 2025/Taller_DD/laboratorio1/ffuchs_echavarria_digital_design_lab_2025/Problema 3/top_counter_6bit.sv Line: 13
Info (12128): Elaborating entity "counter_n" for hierarchy "counter_n:u_cnt" File: C:/Users/Usuario/Desktop/TEC II 2025/Taller_DD/laboratorio1/ffuchs_echavarria_digital_design_lab_2025/Problema 3/top_counter_6bit.sv Line: 28
Info (12128): Elaborating entity "hex7seg" for hierarchy "hex7seg:u_hex0" File: C:/Users/Usuario/Desktop/TEC II 2025/Taller_DD/laboratorio1/ffuchs_echavarria_digital_design_lab_2025/Problema 3/top_counter_6bit.sv Line: 31
Warning (13004): Presettable and clearable registers converted to equivalent circuits with latches. Registers power-up to an undefined state, and DEVCLRn places the registers in an undefined state.
    Warning (13310): Register "counter_n:u_cnt|q[0]" is converted into an equivalent circuit using register "counter_n:u_cnt|q[0]~_emulated" and latch "counter_n:u_cnt|q[0]~1" File: C:/Users/Usuario/Desktop/TEC II 2025/Taller_DD/laboratorio1/ffuchs_echavarria_digital_design_lab_2025/Problema 3/counter_n.sv Line: 31
    Warning (13310): Register "counter_n:u_cnt|q[1]" is converted into an equivalent circuit using register "counter_n:u_cnt|q[1]~_emulated" and latch "counter_n:u_cnt|q[1]~5" File: C:/Users/Usuario/Desktop/TEC II 2025/Taller_DD/laboratorio1/ffuchs_echavarria_digital_design_lab_2025/Problema 3/counter_n.sv Line: 31
    Warning (13310): Register "counter_n:u_cnt|q[2]" is converted into an equivalent circuit using register "counter_n:u_cnt|q[2]~_emulated" and latch "counter_n:u_cnt|q[2]~9" File: C:/Users/Usuario/Desktop/TEC II 2025/Taller_DD/laboratorio1/ffuchs_echavarria_digital_design_lab_2025/Problema 3/counter_n.sv Line: 31
    Warning (13310): Register "counter_n:u_cnt|q[3]" is converted into an equivalent circuit using register "counter_n:u_cnt|q[3]~_emulated" and latch "counter_n:u_cnt|q[3]~13" File: C:/Users/Usuario/Desktop/TEC II 2025/Taller_DD/laboratorio1/ffuchs_echavarria_digital_design_lab_2025/Problema 3/counter_n.sv Line: 31
    Warning (13310): Register "counter_n:u_cnt|q[5]" is converted into an equivalent circuit using register "counter_n:u_cnt|q[5]~_emulated" and latch "counter_n:u_cnt|q[5]~17" File: C:/Users/Usuario/Desktop/TEC II 2025/Taller_DD/laboratorio1/ffuchs_echavarria_digital_design_lab_2025/Problema 3/counter_n.sv Line: 31
    Warning (13310): Register "counter_n:u_cnt|q[4]" is converted into an equivalent circuit using register "counter_n:u_cnt|q[4]~_emulated" and latch "counter_n:u_cnt|q[4]~21" File: C:/Users/Usuario/Desktop/TEC II 2025/Taller_DD/laboratorio1/ffuchs_echavarria_digital_design_lab_2025/Problema 3/counter_n.sv Line: 31
Warning (13024): Output pins are stuck at VCC or GND
    Warning (13410): Pin "seg1[5]" is stuck at GND File: C:/Users/Usuario/Desktop/TEC II 2025/Taller_DD/laboratorio1/ffuchs_echavarria_digital_design_lab_2025/Problema 3/top_counter_6bit.sv Line: 9
Info (286030): Timing-Driven Synthesis is running
Info (16010): Generating hard_block partition "hard_block:auto_generated_inst"
    Info (16011): Adding 0 node(s), including 0 DDIO, 0 PLL, 0 transceiver and 0 LCELL
Info (21057): Implemented 67 device resources after synthesis - the final resource count might be different
    Info (21058): Implemented 10 input pins
    Info (21059): Implemented 14 output pins
    Info (21061): Implemented 43 logic cells
Info: Quartus Prime Analysis & Synthesis was successful. 0 errors, 10 warnings
    Info: Peak virtual memory: 4906 megabytes
    Info: Processing ended: Thu Aug 21 12:11:10 2025
    Info: Elapsed time: 00:00:09
    Info: Total CPU time (on all processors): 00:00:22


